
Sep 20, 2018 14:37:13.32 NEW SESSION
Sep 20, 2018 14:37:13.32 [11504:12792:0920/143713.317:ERROR:in_progress_cache_impl.cc(192)] Cache is not initialized, cannot RetrieveEntry.
Sep 20, 2018 14:37:13.32 [11504:12792:0920/143713.317:ERROR:in_progress_cache_impl.cc(192)] Cache is not initialized, cannot RetrieveEntry.
Sep 20, 2018 14:37:13.32 [11504:12792:0920/143713.317:ERROR:in_progress_cache_impl.cc(192)] Cache is not initialized, cannot RetrieveEntry.
Sep 20, 2018 14:37:13.32 [11504:12792:0920/143713.317:ERROR:in_progress_cache_impl.cc(192)] Cache is not initialized, cannot RetrieveEntry.
Sep 20, 2018 14:37:13.32 [11504:12792:0920/143713.317:ERROR:in_progress_cache_impl.cc(192)] Cache is not initialized, cannot RetrieveEntry.
Sep 20, 2018 14:37:13.32 [11504:12792:0920/143713.317:ERROR:in_progress_cache_impl.cc(192)] Cache is not initialized, cannot RetrieveEntry.
Sep 20, 2018 14:37:13.33 [11504:12792:0920/143713.317:ERROR:in_progress_cache_impl.cc(192)] Cache is not initialized, cannot RetrieveEntry.
Sep 20, 2018 14:37:13.33 [11504:12792:0920/143713.318:ERROR:in_progress_cache_impl.cc(192)] Cache is not initialized, cannot RetrieveEntry.
Sep 20, 2018 14:37:13.33 [11504:12792:0920/143713.318:ERROR:in_progress_cache_impl.cc(192)] Cache is not initialized, cannot RetrieveEntry.
Sep 20, 2018 14:37:13.33 [11504:12792:0920/143713.318:ERROR:in_progress_cache_impl.cc(192)] Cache is not initialized, cannot RetrieveEntry.
Sep 20, 2018 14:37:13.33 [11504:12792:0920/143713.318:ERROR:in_progress_cache_impl.cc(192)] Cache is not initialized, cannot RetrieveEntry.
Sep 20, 2018 14:37:13.33 [11504:12792:0920/143713.318:ERROR:in_progress_cache_impl.cc(192)] Cache is not initialized, cannot RetrieveEntry.
Sep 20, 2018 14:37:13.33 [11504:12792:0920/143713.318:ERROR:in_progress_cache_impl.cc(192)] Cache is not initialized, cannot RetrieveEntry.
Sep 20, 2018 14:37:13.33 [11504:12792:0920/143713.318:ERROR:in_progress_cache_impl.cc(192)] Cache is not initialized, cannot RetrieveEntry.
Sep 20, 2018 14:37:13.34 [11504:12792:0920/143713.318:ERROR:in_progress_cache_impl.cc(192)] Cache is not initialized, cannot RetrieveEntry.
Sep 20, 2018 14:37:13.34 [11504:12792:0920/143713.318:ERROR:in_progress_cache_impl.cc(192)] Cache is not initialized, cannot RetrieveEntry.
Sep 20, 2018 14:37:13.34 [11504:12792:0920/143713.318:ERROR:in_progress_cache_impl.cc(192)] Cache is not initialized, cannot RetrieveEntry.
Sep 20, 2018 14:37:13.34 [11504:12792:0920/143713.318:ERROR:in_progress_cache_impl.cc(192)] Cache is not initialized, cannot RetrieveEntry.
Sep 20, 2018 14:37:13.34 [11504:12792:0920/143713.318:ERROR:in_progress_cache_impl.cc(192)] Cache is not initialized, cannot RetrieveEntry.
Sep 20, 2018 14:37:13.34 [11504:12792:0920/143713.318:ERROR:in_progress_cache_impl.cc(192)] Cache is not initialized, cannot RetrieveEntry.
Sep 20, 2018 14:37:13.34 [11504:12792:0920/143713.318:ERROR:in_progress_cache_impl.cc(192)] Cache is not initialized, cannot RetrieveEntry.
Sep 20, 2018 14:37:13.35 [11504:12792:0920/143713.318:ERROR:in_progress_cache_impl.cc(192)] Cache is not initialized, cannot RetrieveEntry.
Sep 20, 2018 14:37:13.35 [11504:12792:0920/143713.318:ERROR:in_progress_cache_impl.cc(192)] Cache is not initialized, cannot RetrieveEntry.
Sep 20, 2018 14:37:13.35 [11504:12792:0920/143713.318:ERROR:in_progress_cache_impl.cc(192)] Cache is not initialized, cannot RetrieveEntry.
Sep 20, 2018 14:37:13.35 [11504:12792:0920/143713.318:ERROR:in_progress_cache_impl.cc(192)] Cache is not initialized, cannot RetrieveEntry.
Sep 20, 2018 14:37:13.35 [11504:12792:0920/143713.318:ERROR:in_progress_cache_impl.cc(192)] Cache is not initialized, cannot RetrieveEntry.
Sep 20, 2018 14:37:13.35 [11504:12792:0920/143713.318:ERROR:in_progress_cache_impl.cc(192)] Cache is not initialized, cannot RetrieveEntry.
Sep 20, 2018 14:37:13.35 [11504:12792:0920/143713.318:ERROR:in_progress_cache_impl.cc(192)] Cache is not initialized, cannot RetrieveEntry.
Sep 20, 2018 14:37:13.36 [11504:12792:0920/143713.318:ERROR:in_progress_cache_impl.cc(192)] Cache is not initialized, cannot RetrieveEntry.
Sep 20, 2018 14:37:13.36 [11504:12792:0920/143713.318:ERROR:in_progress_cache_impl.cc(192)] Cache is not initialized, cannot RetrieveEntry.
Sep 20, 2018 14:37:13.36 [11504:12792:0920/143713.318:ERROR:in_progress_cache_impl.cc(192)] Cache is not initialized, cannot RetrieveEntry.
Sep 20, 2018 14:37:13.36 [11504:12792:0920/143713.318:ERROR:in_progress_cache_impl.cc(192)] Cache is not initialized, cannot RetrieveEntry.
Sep 20, 2018 14:37:13.36 [11504:12792:0920/143713.318:ERROR:in_progress_cache_impl.cc(192)] Cache is not initialized, cannot RetrieveEntry.
Sep 20, 2018 14:37:13.36 [11504:12792:0920/143713.318:ERROR:in_progress_cache_impl.cc(192)] Cache is not initialized, cannot RetrieveEntry.
Sep 20, 2018 14:37:13.36 [11504:12792:0920/143713.318:ERROR:in_progress_cache_impl.cc(192)] Cache is not initialized, cannot RetrieveEntry.
Sep 20, 2018 14:37:13.37 [11504:12792:0920/143713.319:ERROR:in_progress_cache_impl.cc(192)] Cache is not initialized, cannot RetrieveEntry.
Sep 20, 2018 14:37:13.38 [11504:12792:0920/143713.319:ERROR:in_progress_cache_impl.cc(192)] Cache is not initialized, cannot RetrieveEntry.
Sep 20, 2018 14:37:13.38 [11504:12792:0920/143713.321:ERROR:in_progress_cache_impl.cc(192)] Cache is not initialized, cannot RetrieveEntry.
Sep 20, 2018 14:37:13.38 [11504:12792:0920/143713.321:ERROR:in_progress_cache_impl.cc(192)] Cache is not initialized, cannot RetrieveEntry.
Sep 20, 2018 14:37:13.38 [11504:12792:0920/143713.321:ERROR:in_progress_cache_impl.cc(192)] Cache is not initialized, cannot RetrieveEntry.
Sep 20, 2018 14:37:13.38 [11504:12792:0920/143713.322:ERROR:in_progress_cache_impl.cc(192)] Cache is not initialized, cannot RetrieveEntry.
Sep 20, 2018 14:37:13.38 [11504:12792:0920/143713.322:ERROR:in_progress_cache_impl.cc(192)] Cache is not initialized, cannot RetrieveEntry.
Sep 20, 2018 14:37:13.39 [11504:12792:0920/143713.322:ERROR:in_progress_cache_impl.cc(192)] Cache is not initialized, cannot RetrieveEntry.
Sep 20, 2018 14:37:13.39 [11504:12792:0920/143713.322:ERROR:in_progress_cache_impl.cc(192)] Cache is not initialized, cannot RetrieveEntry.
Sep 20, 2018 14:37:13.39 [11504:12792:0920/143713.322:ERROR:in_progress_cache_impl.cc(192)] Cache is not initialized, cannot RetrieveEntry.
Sep 20, 2018 14:37:13.39 [11504:12792:0920/143713.322:ERROR:in_progress_cache_impl.cc(192)] Cache is not initialized, cannot RetrieveEntry.
Sep 20, 2018 14:37:13.39 [11504:12792:0920/143713.322:ERROR:in_progress_cache_impl.cc(192)] Cache is not initialized, cannot RetrieveEntry.
Sep 20, 2018 14:37:13.39 [11504:12792:0920/143713.322:ERROR:in_progress_cache_impl.cc(192)] Cache is not initialized, cannot RetrieveEntry.
Sep 20, 2018 14:37:13.39 [11504:12792:0920/143713.322:ERROR:in_progress_cache_impl.cc(192)] Cache is not initialized, cannot RetrieveEntry.
Sep 20, 2018 14:37:13.39 [11504:12792:0920/143713.322:ERROR:in_progress_cache_impl.cc(192)] Cache is not initialized, cannot RetrieveEntry.
Sep 20, 2018 14:37:13.40 [11504:12792:0920/143713.322:ERROR:in_progress_cache_impl.cc(192)] Cache is not initialized, cannot RetrieveEntry.
Sep 20, 2018 14:37:13.40 [11504:12792:0920/143713.322:ERROR:in_progress_cache_impl.cc(192)] Cache is not initialized, cannot RetrieveEntry.
Sep 20, 2018 14:37:13.40 [11504:12792:0920/143713.322:ERROR:in_progress_cache_impl.cc(192)] Cache is not initialized, cannot RetrieveEntry.
Sep 20, 2018 14:37:13.41 [11504:12792:0920/143713.322:ERROR:in_progress_cache_impl.cc(192)] Cache is not initialized, cannot RetrieveEntry.
Sep 20, 2018 14:37:13.41 [11504:12792:0920/143713.322:ERROR:in_progress_cache_impl.cc(192)] Cache is not initialized, cannot RetrieveEntry.
Sep 20, 2018 14:37:13.41 [11504:12792:0920/143713.322:ERROR:in_progress_cache_impl.cc(192)] Cache is not initialized, cannot RetrieveEntry.
Sep 20, 2018 14:37:13.41 [11504:12792:0920/143713.322:ERROR:in_progress_cache_impl.cc(192)] Cache is not initialized, cannot RetrieveEntry.
Sep 20, 2018 14:37:13.42 [11504:12792:0920/143713.322:ERROR:in_progress_cache_impl.cc(192)] Cache is not initialized, cannot RetrieveEntry.
Sep 20, 2018 14:37:13.42 [11504:12792:0920/143713.322:ERROR:in_progress_cache_impl.cc(192)] Cache is not initialized, cannot RetrieveEntry.
Sep 20, 2018 14:37:13.42 [11504:12792:0920/143713.322:ERROR:in_progress_cache_impl.cc(192)] Cache is not initialized, cannot RetrieveEntry.
Sep 20, 2018 14:37:13.42 [11504:12792:0920/143713.322:ERROR:in_progress_cache_impl.cc(192)] Cache is not initialized, cannot RetrieveEntry.
Sep 20, 2018 14:37:13.43 [11504:12792:0920/143713.322:ERROR:in_progress_cache_impl.cc(192)] Cache is not initialized, cannot RetrieveEntry.
Sep 20, 2018 14:37:13.43 [11504:12792:0920/143713.322:ERROR:in_progress_cache_impl.cc(192)] Cache is not initialized, cannot RetrieveEntry.
Sep 20, 2018 14:37:13.43 [11504:12792:0920/143713.322:ERROR:in_progress_cache_impl.cc(192)] Cache is not initialized, cannot RetrieveEntry.
Sep 20, 2018 14:37:13.44 [11504:12792:0920/143713.322:ERROR:in_progress_cache_impl.cc(192)] Cache is not initialized, cannot RetrieveEntry.
Sep 20, 2018 14:37:13.44 [11504:12792:0920/143713.322:ERROR:in_progress_cache_impl.cc(192)] Cache is not initialized, cannot RetrieveEntry.
Sep 20, 2018 14:37:13.44 [11504:12792:0920/143713.322:ERROR:in_progress_cache_impl.cc(192)] Cache is not initialized, cannot RetrieveEntry.
Sep 20, 2018 14:37:13.45 [11504:12792:0920/143713.322:ERROR:in_progress_cache_impl.cc(192)] Cache is not initialized, cannot RetrieveEntry.
Sep 20, 2018 16:34:32.77 [11504:13416:0920/163432.779:ERROR:connection_factory_impl.cc(396)] Failed to connect to MCS endpoint with error -21
Sep 20, 2018 19:34:33.31 [11504:12792:0920/193433.315:ERROR:gcm_channel_status_request.cc(151)] GCM channel request failed.
Sep 20, 2018 19:34:33.47 [11504:13416:0920/193433.471:ERROR:connection_factory_impl.cc(396)] Failed to connect to MCS endpoint with error -21
Sep 20, 2018 19:34:40.14 [11504:13416:0920/193440.146:ERROR:connection_factory_impl.cc(396)] Failed to connect to MCS endpoint with error -21
Sep 20, 2018 19:34:42.97 [11504:13416:0920/193442.978:ERROR:connection_factory_impl.cc(396)] Failed to connect to MCS endpoint with error -106
Sep 20, 2018 19:34:58.91 [11504:12792:0920/193458.911:ERROR:gcm_channel_status_request.cc(151)] GCM channel request failed.
Sep 21, 2018 09:08:54.53 [11504:13416:0921/090854.536:ERROR:connection_factory_impl.cc(396)] Failed to connect to MCS endpoint with error -106
Sep 21, 2018 09:08:57.72 [11504:12792:0921/090857.723:ERROR:gcm_channel_status_request.cc(151)] GCM channel request failed.
Sep 21, 2018 09:09:05.91 [11504:13416:0921/090905.911:ERROR:connection_factory_impl.cc(396)] Failed to connect to MCS endpoint with error -105
Sep 21, 2018 09:09:14.86 [11504:13416:0921/090914.862:ERROR:connection_factory_impl.cc(396)] Failed to connect to MCS endpoint with error -105
Sep 21, 2018 09:26:25.67 [11504:12792:0921/092625.677:ERROR:CONSOLE(224)] "Failed to execute 'postMessage' on 'DOMWindow': The target origin provided ('https://synteluniversity.skillport.com') does not match the recipient window's origin ('https://www.google.com').", source: chrome-search://most-visited/single.js (224)
